2023-05-17T16:25:04.064154+00:00 INFO 'ansible_navigator.setup_logger' New ansible-navigator instance, logging initialized
2023-05-17T16:25:04.064743+00:00 INFO 'ansible_navigator.setup_logger' New ansible-runner instance, logging initialized
2023-05-17T16:25:04.064812+00:00 DEBUG 'ansible_navigator.main' ansible-builder==1.1.0 /Users/joonpaik/Library/Python/3.9/lib/python/site-packages
2023-05-17T16:25:04.064867+00:00 DEBUG 'ansible_navigator.main' ansible-core==2.14.2 /usr/local/lib/python3.9/site-packages
2023-05-17T16:25:04.064913+00:00 DEBUG 'ansible_navigator.main' ansible-lint==6.12.2 /usr/local/lib/python3.9/site-packages
2023-05-17T16:25:04.064957+00:00 DEBUG 'ansible_navigator.main' ansible-navigator==2.1.0 /Users/joonpaik/Library/Python/3.9/lib/python/site-packages
2023-05-17T16:25:04.064998+00:00 DEBUG 'ansible_navigator.main' ansible-runner==2.2.1 /Users/joonpaik/Library/Python/3.9/lib/python/site-packages
2023-05-17T16:25:04.065040+00:00 DEBUG 'ansible_navigator.main' ansible-tower-cli==3.3.9 /usr/local/lib/python3.9/site-packages
2023-05-17T16:25:04.065081+00:00 DEBUG 'ansible_navigator.main' ansible==4.5.0 /usr/local/lib/python3.9/site-packages
2023-05-17T16:25:04.065122+00:00 DEBUG 'ansible_navigator.main' attrs==22.1.0 /Users/joonpaik/Library/Python/3.9/lib/python/site-packages
2023-05-17T16:25:04.065164+00:00 DEBUG 'ansible_navigator.main' awxkit==3.8.6 /Users/joonpaik/Library/Python/3.9/lib/python/site-packages
2023-05-17T16:25:04.065205+00:00 DEBUG 'ansible_navigator.main' bindep==2.11.0 /Users/joonpaik/Library/Python/3.9/lib/python/site-packages
2023-05-17T16:25:04.065246+00:00 DEBUG 'ansible_navigator.main' black==23.1.0 /usr/local/lib/python3.9/site-packages
2023-05-17T16:25:04.065287+00:00 DEBUG 'ansible_navigator.main' bracex==2.3.post1 /usr/local/lib/python3.9/site-packages
2023-05-17T16:25:04.065327+00:00 DEBUG 'ansible_navigator.main' certifi==2021.10.8 /usr/local/lib/python3.9/site-packages
2023-05-17T16:25:04.065368+00:00 DEBUG 'ansible_navigator.main' cffi==1.15.1 /Users/joonpaik/Library/Python/3.9/lib/python/site-packages
2023-05-17T16:25:04.065408+00:00 DEBUG 'ansible_navigator.main' charset-normalizer==2.0.6 /usr/local/lib/python3.9/site-packages
2023-05-17T16:25:04.065449+00:00 DEBUG 'ansible_navigator.main' click==6.7 /usr/local/lib/python3.9/site-packages
2023-05-17T16:25:04.065489+00:00 DEBUG 'ansible_navigator.main' colorama==0.4.4 /usr/local/lib/python3.9/site-packages
2023-05-17T16:25:04.065542+00:00 DEBUG 'ansible_navigator.main' cryptography==3.4.8 /usr/local/lib/python3.9/site-packages
2023-05-17T16:25:04.065582+00:00 DEBUG 'ansible_navigator.main' distro==1.7.0 /Users/joonpaik/Library/Python/3.9/lib/python/site-packages
2023-05-17T16:25:04.065621+00:00 DEBUG 'ansible_navigator.main' docutils==0.19 /Users/joonpaik/Library/Python/3.9/lib/python/site-packages
2023-05-17T16:25:04.065659+00:00 DEBUG 'ansible_navigator.main' filelock==3.9.0 /usr/local/lib/python3.9/site-packages
2023-05-17T16:25:04.065699+00:00 DEBUG 'ansible_navigator.main' idna==3.2 /usr/local/lib/python3.9/site-packages
2023-05-17T16:25:04.065738+00:00 DEBUG 'ansible_navigator.main' jinja2==3.1.2 /Users/joonpaik/Library/Python/3.9/lib/python/site-packages
2023-05-17T16:25:04.065777+00:00 DEBUG 'ansible_navigator.main' jsonschema==4.16.0 /Users/joonpaik/Library/Python/3.9/lib/python/site-packages
2023-05-17T16:25:04.065816+00:00 DEBUG 'ansible_navigator.main' lockfile==0.12.2 /Users/joonpaik/Library/Python/3.9/lib/python/site-packages
2023-05-17T16:25:04.065855+00:00 DEBUG 'ansible_navigator.main' markdown-it-py==2.1.0 /usr/local/lib/python3.9/site-packages
2023-05-17T16:25:04.065894+00:00 DEBUG 'ansible_navigator.main' markupsafe==2.1.1 /Users/joonpaik/Library/Python/3.9/lib/python/site-packages
2023-05-17T16:25:04.065933+00:00 DEBUG 'ansible_navigator.main' mdurl==0.1.2 /usr/local/lib/python3.9/site-packages
2023-05-17T16:25:04.065973+00:00 DEBUG 'ansible_navigator.main' mypy-extensions==1.0.0 /usr/local/lib/python3.9/site-packages
2023-05-17T16:25:04.066012+00:00 DEBUG 'ansible_navigator.main' onigurumacffi==1.2.0 /Users/joonpaik/Library/Python/3.9/lib/python/site-packages
2023-05-17T16:25:04.066072+00:00 DEBUG 'ansible_navigator.main' packaging==23.0 /usr/local/lib/python3.9/site-packages
2023-05-17T16:25:04.066111+00:00 DEBUG 'ansible_navigator.main' parsley==1.3 /Users/joonpaik/Library/Python/3.9/lib/python/site-packages
2023-05-17T16:25:04.066147+00:00 DEBUG 'ansible_navigator.main' pathspec==0.11.0 /usr/local/lib/python3.9/site-packages
2023-05-17T16:25:04.066183+00:00 DEBUG 'ansible_navigator.main' pbr==5.10.0 /Users/joonpaik/Library/Python/3.9/lib/python/site-packages
2023-05-17T16:25:04.066219+00:00 DEBUG 'ansible_navigator.main' pexpect==4.8.0 /Users/joonpaik/Library/Python/3.9/lib/python/site-packages
2023-05-17T16:25:04.066254+00:00 DEBUG 'ansible_navigator.main' pip==22.3.1 /usr/local/lib/python3.9/site-packages
2023-05-17T16:25:04.066289+00:00 DEBUG 'ansible_navigator.main' platformdirs==3.0.0 /usr/local/lib/python3.9/site-packages
2023-05-17T16:25:04.066325+00:00 DEBUG 'ansible_navigator.main' ptyprocess==0.7.0 /Users/joonpaik/Library/Python/3.9/lib/python/site-packages
2023-05-17T16:25:04.066360+00:00 DEBUG 'ansible_navigator.main' pycparser==2.21 /Users/joonpaik/Library/Python/3.9/lib/python/site-packages
2023-05-17T16:25:04.066395+00:00 DEBUG 'ansible_navigator.main' pygments==2.14.0 /usr/local/lib/python3.9/site-packages
2023-05-17T16:25:04.066430+00:00 DEBUG 'ansible_navigator.main' pyparsing==3.0.9 /Users/joonpaik/Library/Python/3.9/lib/python/site-packages
2023-05-17T16:25:04.066465+00:00 DEBUG 'ansible_navigator.main' pyrsistent==0.18.1 /Users/joonpaik/Library/Python/3.9/lib/python/site-packages
2023-05-17T16:25:04.066500+00:00 DEBUG 'ansible_navigator.main' python-daemon==2.3.1 /Users/joonpaik/Library/Python/3.9/lib/python/site-packages
2023-05-17T16:25:04.066536+00:00 DEBUG 'ansible_navigator.main' pyyaml==6.0 /Users/joonpaik/Library/Python/3.9/lib/python/site-packages
2023-05-17T16:25:04.066570+00:00 DEBUG 'ansible_navigator.main' requests==2.26.0 /usr/local/lib/python3.9/site-packages
2023-05-17T16:25:04.066606+00:00 DEBUG 'ansible_navigator.main' requirements-parser==0.5.0 /Users/joonpaik/Library/Python/3.9/lib/python/site-packages
2023-05-17T16:25:04.066644+00:00 DEBUG 'ansible_navigator.main' resolvelib==0.5.4 /usr/local/lib/python3.9/site-packages
2023-05-17T16:25:04.066680+00:00 DEBUG 'ansible_navigator.main' rich==13.3.1 /usr/local/lib/python3.9/site-packages
2023-05-17T16:25:04.066715+00:00 DEBUG 'ansible_navigator.main' ruamel.yaml.clib==0.2.7 /usr/local/lib/python3.9/site-packages
2023-05-17T16:25:04.066750+00:00 DEBUG 'ansible_navigator.main' ruamel.yaml==0.17.21 /usr/local/lib/python3.9/site-packages
2023-05-17T16:25:04.066785+00:00 DEBUG 'ansible_navigator.main' setuptools==65.4.0 /Users/joonpaik/Library/Python/3.9/lib/python/site-packages
2023-05-17T16:25:04.066820+00:00 DEBUG 'ansible_navigator.main' six==1.16.0 /Users/joonpaik/Library/Python/3.9/lib/python/site-packages
2023-05-17T16:25:04.066855+00:00 DEBUG 'ansible_navigator.main' subprocess-tee==0.4.1 /usr/local/lib/python3.9/site-packages
2023-05-17T16:25:04.066891+00:00 DEBUG 'ansible_navigator.main' tomli==2.0.1 /usr/local/lib/python3.9/site-packages
2023-05-17T16:25:04.066926+00:00 DEBUG 'ansible_navigator.main' types-setuptools==65.3.0 /Users/joonpaik/Library/Python/3.9/lib/python/site-packages
2023-05-17T16:25:04.066960+00:00 DEBUG 'ansible_navigator.main' typing-extensions==4.4.0 /usr/local/lib/python3.9/site-packages
2023-05-17T16:25:04.066995+00:00 DEBUG 'ansible_navigator.main' tzdata==2022.4 /Users/joonpaik/Library/Python/3.9/lib/python/site-packages
2023-05-17T16:25:04.067030+00:00 DEBUG 'ansible_navigator.main' urllib3==1.26.7 /usr/local/lib/python3.9/site-packages
2023-05-17T16:25:04.067065+00:00 DEBUG 'ansible_navigator.main' wcmatch==8.4.1 /usr/local/lib/python3.9/site-packages
2023-05-17T16:25:04.067100+00:00 DEBUG 'ansible_navigator.main' wheel==0.38.4 /usr/local/lib/python3.9/site-packages
2023-05-17T16:25:04.067135+00:00 DEBUG 'ansible_navigator.main' yamllint==1.29.0 /usr/local/lib/python3.9/site-packages
2023-05-17T16:25:04.067170+00:00 DEBUG 'ansible_navigator.main' Share directory '/Users/joonpaik/Library/Python/3.9/lib/python/share/ansible_navigator' not found (development path)
2023-05-17T16:25:04.067220+00:00 DEBUG 'ansible_navigator.main' Share directory '/Users/joonpaik/Library/Python/3.9/share/ansible_navigator' found (userbase)
2023-05-17T16:25:04.067257+00:00 DEBUG 'ansible_navigator.main' Default collection_doc_cache_path set to: /Users/joonpaik/.cache/ansible-navigator/collection_doc_cache.db
2023-05-17T16:25:04.067294+00:00 DEBUG 'ansible_navigator.main' EDITOR environment variable not set
2023-05-17T16:25:04.067330+00:00 DEBUG 'ansible_navigator.main' Default editor_command set to: vi +{line_number} {filename}
2023-05-17T16:25:04.067365+00:00 DEBUG 'ansible_navigator.main' No config file set by ANSIBLE_NAVIGATOR_CONFIG
2023-05-17T16:25:04.067400+00:00 DEBUG 'ansible_navigator.main' Looking in /Users/joonpaik
2023-05-17T16:25:04.067436+00:00 DEBUG 'ansible_navigator.main' Looking for '/Users/joonpaik/.ansible-navigator.yml', '/Users/joonpaik/.ansible-navigator.yaml' and '/Users/joonpaik/.ansible-navigator.json'
2023-05-17T16:25:04.067471+00:00 DEBUG 'ansible_navigator.main' Found 0: 
2023-05-17T16:25:04.067506+00:00 DEBUG 'ansible_navigator.main' Looking in /Users/joonpaik/git/wisdom-demo
2023-05-17T16:25:04.067541+00:00 DEBUG 'ansible_navigator.main' Looking for '/Users/joonpaik/git/wisdom-demo/ansible-navigator.yml', '/Users/joonpaik/git/wisdom-demo/ansible-navigator.yaml' and '/Users/joonpaik/git/wisdom-demo/ansible-navigator.json'
2023-05-17T16:25:04.067577+00:00 DEBUG 'ansible_navigator.main' Found 0: 
2023-05-17T16:25:04.067612+00:00 DEBUG 'ansible_navigator.main' All found 0: 
2023-05-17T16:25:04.067647+00:00 DEBUG 'ansible_navigator.main' Using: None
2023-05-17T16:25:04.067682+00:00 DEBUG 'ansible_navigator.main' No valid settings file found, using all default values for settings.
2023-05-17T16:25:04.067717+00:00 DEBUG 'ansible_navigator.main' Command provided: ''
2023-05-17T16:25:04.067752+00:00 DEBUG 'ansible_navigator.main' EE support enabled: using current working directory for 'ansible.cfg'
2023-05-17T16:25:04.067786+00:00 INFO 'ansible_navigator.main' EE support enabled: no 'ansible.cfg' found in current working directory. Tried /Users/joonpaik/git/wisdom-demo/ansible.cfg
2023-05-17T16:25:04.067821+00:00 DEBUG 'ansible_navigator.main' Completed post processing for ansible_runner_artifact_dir. (changed=False)
2023-05-17T16:25:04.067856+00:00 DEBUG 'ansible_navigator.main' Completed post processing for ansible_runner_rotate_artifacts_count. (changed=False)
2023-05-17T16:25:04.067890+00:00 DEBUG 'ansible_navigator.main' Completed post processing for ansible_runner_timeout. (changed=False)
2023-05-17T16:25:04.067924+00:00 DEBUG 'ansible_navigator.main' Completed post processing for cmdline. (changed=False)
2023-05-17T16:25:04.067959+00:00 DEBUG 'ansible_navigator.main' Completed post processing for collection_doc_cache_path. (changed=False)
2023-05-17T16:25:04.067994+00:00 DEBUG 'ansible_navigator.main' Completed post processing for container_engine. (changed=True)
2023-05-17T16:25:04.068028+00:00 DEBUG 'ansible_navigator.main'  before: 'auto'
2023-05-17T16:25:04.068063+00:00 DEBUG 'ansible_navigator.main'  after: 'podman'
2023-05-17T16:25:04.068096+00:00 DEBUG 'ansible_navigator.main' Completed post processing for container_options. (changed=False)
2023-05-17T16:25:04.068131+00:00 DEBUG 'ansible_navigator.main' Completed post processing for display_color. (changed=False)
2023-05-17T16:25:04.068165+00:00 DEBUG 'ansible_navigator.main' Completed post processing for execution_environment. (changed=False)
2023-05-17T16:25:04.068199+00:00 DEBUG 'ansible_navigator.main' Completed post processing for execution_environment_image. (changed=False)
2023-05-17T16:25:04.068234+00:00 DEBUG 'ansible_navigator.main' Completed post processing for help_builder. (changed=False)
2023-05-17T16:25:04.068268+00:00 DEBUG 'ansible_navigator.main' Completed post processing for help_config. (changed=False)
2023-05-17T16:25:04.068303+00:00 DEBUG 'ansible_navigator.main' Completed post processing for help_doc. (changed=False)
2023-05-17T16:25:04.068350+00:00 DEBUG 'ansible_navigator.main' Completed post processing for help_inventory. (changed=False)
2023-05-17T16:25:04.068386+00:00 DEBUG 'ansible_navigator.main' Completed post processing for help_playbook. (changed=False)
2023-05-17T16:25:04.068422+00:00 DEBUG 'ansible_navigator.main' Completed post processing for images_details. (changed=False)
2023-05-17T16:25:04.068457+00:00 DEBUG 'ansible_navigator.main' Completed post processing for inventory. (changed=False)
2023-05-17T16:25:04.068492+00:00 DEBUG 'ansible_navigator.main' Completed post processing for inventory_column. (changed=False)
2023-05-17T16:25:04.068527+00:00 DEBUG 'ansible_navigator.main' Completed post processing for log_file. (changed=False)
2023-05-17T16:25:04.068562+00:00 DEBUG 'ansible_navigator.main' Completed post processing for pass_environment_variable. (changed=False)
2023-05-17T16:25:04.068597+00:00 DEBUG 'ansible_navigator.main' Completed post processing for playbook. (changed=False)
2023-05-17T16:25:04.068632+00:00 DEBUG 'ansible_navigator.main' Completed post processing for playbook_artifact_replay. (changed=False)
2023-05-17T16:25:04.068667+00:00 DEBUG 'ansible_navigator.main' Completed post processing for playbook_artifact_save_as. (changed=False)
2023-05-17T16:25:04.068701+00:00 DEBUG 'ansible_navigator.main' Completed post processing for plugin_name. (changed=False)
2023-05-17T16:25:04.068736+00:00 DEBUG 'ansible_navigator.main' Completed post processing for pull_arguments. (changed=False)
2023-05-17T16:25:04.068771+00:00 DEBUG 'ansible_navigator.main' Completed post processing for set_environment_variable. (changed=False)
2023-05-17T16:25:04.068806+00:00 DEBUG 'ansible_navigator.main' Completed post processing for settings_effective. (changed=False)
2023-05-17T16:25:04.068840+00:00 DEBUG 'ansible_navigator.main' Completed post processing for settings_sample. (changed=False)
2023-05-17T16:25:04.068875+00:00 DEBUG 'ansible_navigator.main' Completed post processing for settings_schema. (changed=False)
2023-05-17T16:25:04.068910+00:00 DEBUG 'ansible_navigator.main' Completed post processing for settings_sources. (changed=False)
2023-05-17T16:25:04.068944+00:00 DEBUG 'ansible_navigator.main' Completed post processing for time_zone. (changed=False)
2023-05-17T16:25:04.068979+00:00 DEBUG 'ansible_navigator.main' Completed post processing for execution_environment_volume_mounts. (changed=False)
2023-05-17T16:25:04.069015+00:00 DEBUG 'ansible_navigator.main' Completed post processing for mode. (changed=False)
2023-05-17T16:25:04.069065+00:00 WARNING 'ansible_navigator.main' Configuration errors encountered, rolling back to previous configuration.
2023-05-17T16:25:04.069102+00:00 DEBUG 'ansible_navigator.main' Prior to rollback: ansible_runner_artifact_dir = 'Not set' (Constants/Not set)
2023-05-17T16:25:04.069146+00:00 DEBUG 'ansible_navigator.main' Prior to rollback: ansible_runner_rotate_artifacts_count = 'Not set' (Constants/Not set)
2023-05-17T16:25:04.069183+00:00 DEBUG 'ansible_navigator.main' Prior to rollback: ansible_runner_timeout = 'Not set' (Constants/Not set)
2023-05-17T16:25:04.069219+00:00 DEBUG 'ansible_navigator.main' Prior to rollback: app = 'welcome' (str/Defaults)
2023-05-17T16:25:04.069254+00:00 DEBUG 'ansible_navigator.main' Prior to rollback: cmdline = 'Not set' (Constants/Not set)
2023-05-17T16:25:04.069289+00:00 DEBUG 'ansible_navigator.main' Prior to rollback: collection_doc_cache_path = '/Users/joonpaik/.cache/ansible-navigator/collection_doc_cache.db' (str/Defaults)
2023-05-17T16:25:04.069325+00:00 DEBUG 'ansible_navigator.main' Prior to rollback: config = 'Not set' (Constants/Not set)
2023-05-17T16:25:04.069360+00:00 DEBUG 'ansible_navigator.main' Prior to rollback: container_engine = 'podman' (str/Automatically determined)
2023-05-17T16:25:04.069395+00:00 DEBUG 'ansible_navigator.main' Prior to rollback: container_options = 'Not set' (Constants/Not set)
2023-05-17T16:25:04.069430+00:00 DEBUG 'ansible_navigator.main' Prior to rollback: display_color = 'True' (bool/Defaults)
2023-05-17T16:25:04.069477+00:00 DEBUG 'ansible_navigator.main' Prior to rollback: editor_command = 'vi +{line_number} {filename}' (str/Defaults)
2023-05-17T16:25:04.069514+00:00 DEBUG 'ansible_navigator.main' Prior to rollback: editor_console = 'True' (bool/Defaults)
2023-05-17T16:25:04.069549+00:00 DEBUG 'ansible_navigator.main' Prior to rollback: exec_command = '/bin/bash' (str/Defaults)
2023-05-17T16:25:04.069584+00:00 DEBUG 'ansible_navigator.main' Prior to rollback: exec_shell = 'True' (bool/Defaults)
2023-05-17T16:25:04.069619+00:00 DEBUG 'ansible_navigator.main' Prior to rollback: execution_environment = 'True' (bool/Defaults)
2023-05-17T16:25:04.069654+00:00 DEBUG 'ansible_navigator.main' Prior to rollback: execution_environment_image = 'quay.io/ansible/creator-ee:v0.4.2' (str/Defaults)
2023-05-17T16:25:04.069689+00:00 DEBUG 'ansible_navigator.main' Prior to rollback: execution_environment_volume_mounts = 'Not set' (Constants/Not set)
2023-05-17T16:25:04.069723+00:00 DEBUG 'ansible_navigator.main' Prior to rollback: help_builder = 'False' (bool/Defaults)
2023-05-17T16:25:04.069758+00:00 DEBUG 'ansible_navigator.main' Prior to rollback: help_config = 'False' (bool/Defaults)
2023-05-17T16:25:04.069793+00:00 DEBUG 'ansible_navigator.main' Prior to rollback: help_doc = 'False' (bool/Defaults)
2023-05-17T16:25:04.069828+00:00 DEBUG 'ansible_navigator.main' Prior to rollback: help_inventory = 'False' (bool/Defaults)
2023-05-17T16:25:04.069862+00:00 DEBUG 'ansible_navigator.main' Prior to rollback: help_playbook = 'False' (bool/Defaults)
2023-05-17T16:25:04.069897+00:00 DEBUG 'ansible_navigator.main' Prior to rollback: images_details = '['everything']' (list/Defaults)
2023-05-17T16:25:04.069931+00:00 DEBUG 'ansible_navigator.main' Prior to rollback: inventory = 'Not set' (Constants/Not set)
2023-05-17T16:25:04.069966+00:00 DEBUG 'ansible_navigator.main' Prior to rollback: inventory_column = 'Not set' (Constants/Not set)
2023-05-17T16:25:04.070000+00:00 DEBUG 'ansible_navigator.main' Prior to rollback: lint_config = 'Not set' (Constants/Not set)
2023-05-17T16:25:04.070035+00:00 DEBUG 'ansible_navigator.main' Prior to rollback: lintables = 'Not set' (Constants/Not set)
2023-05-17T16:25:04.070072+00:00 DEBUG 'ansible_navigator.main' Prior to rollback: log_append = 'True' (bool/Defaults)
2023-05-17T16:25:04.070108+00:00 DEBUG 'ansible_navigator.main' Prior to rollback: log_file = '/Users/joonpaik/git/wisdom-demo/ansible-navigator.log' (str/Defaults)
2023-05-17T16:25:04.070143+00:00 DEBUG 'ansible_navigator.main' Prior to rollback: log_level = 'warning' (str/Defaults)
2023-05-17T16:25:04.070178+00:00 DEBUG 'ansible_navigator.main' Prior to rollback: mode = 'interactive' (str/Defaults)
2023-05-17T16:25:04.070213+00:00 DEBUG 'ansible_navigator.main' Prior to rollback: osc4 = 'True' (bool/Defaults)
2023-05-17T16:25:04.070247+00:00 DEBUG 'ansible_navigator.main' Prior to rollback: pass_environment_variable = 'Not set' (Constants/Not set)
2023-05-17T16:25:04.070285+00:00 DEBUG 'ansible_navigator.main' Prior to rollback: playbook = 'Not set' (Constants/Not set)
2023-05-17T16:25:04.070320+00:00 DEBUG 'ansible_navigator.main' Prior to rollback: playbook_artifact_enable = 'True' (bool/Defaults)
2023-05-17T16:25:04.070355+00:00 DEBUG 'ansible_navigator.main' Prior to rollback: playbook_artifact_replay = 'Not set' (Constants/Not set)
2023-05-17T16:25:04.070389+00:00 DEBUG 'ansible_navigator.main' Prior to rollback: playbook_artifact_save_as = '{playbook_dir}/{playbook_name}-artifact-{time_stamp}.json' (str/Defaults)
2023-05-17T16:25:04.070424+00:00 DEBUG 'ansible_navigator.main' Prior to rollback: plugin_name = 'Not set' (Constants/Not set)
2023-05-17T16:25:04.070459+00:00 DEBUG 'ansible_navigator.main' Prior to rollback: plugin_type = 'module' (str/Defaults)
2023-05-17T16:25:04.070493+00:00 DEBUG 'ansible_navigator.main' Prior to rollback: pull_arguments = 'Not set' (Constants/Not set)
2023-05-17T16:25:04.070528+00:00 DEBUG 'ansible_navigator.main' Prior to rollback: pull_policy = 'tag' (str/Defaults)
2023-05-17T16:25:04.070575+00:00 DEBUG 'ansible_navigator.main' Prior to rollback: set_environment_variable = 'Not set' (Constants/Not set)
2023-05-17T16:25:04.070611+00:00 DEBUG 'ansible_navigator.main' Prior to rollback: settings_effective = 'False' (bool/Defaults)
2023-05-17T16:25:04.070646+00:00 DEBUG 'ansible_navigator.main' Prior to rollback: settings_sample = 'False' (bool/Defaults)
2023-05-17T16:25:04.070681+00:00 DEBUG 'ansible_navigator.main' Prior to rollback: settings_schema = 'json' (str/Defaults)
2023-05-17T16:25:04.070716+00:00 DEBUG 'ansible_navigator.main' Prior to rollback: settings_sources = 'False' (bool/Defaults)
2023-05-17T16:25:04.070751+00:00 DEBUG 'ansible_navigator.main' Prior to rollback: time_zone = 'UTC' (str/Defaults)
2023-05-17T16:25:04.070786+00:00 DEBUG 'ansible_navigator.main' Prior to rollback: workdir = '/Users/joonpaik/git/wisdom-demo' (str/Defaults)
2023-05-17T16:25:04.070821+00:00 DEBUG 'ansible_navigator.main' After rollback: ansible_runner_artifact_dir = 'Not set' (Constants/Not set)
2023-05-17T16:25:04.070856+00:00 DEBUG 'ansible_navigator.main' After rollback: ansible_runner_rotate_artifacts_count = 'Not set' (Constants/Not set)
2023-05-17T16:25:04.070891+00:00 DEBUG 'ansible_navigator.main' After rollback: ansible_runner_timeout = 'Not set' (Constants/Not set)
2023-05-17T16:25:04.070925+00:00 DEBUG 'ansible_navigator.main' After rollback: app = 'Not set' (Constants/Not set)
2023-05-17T16:25:04.070960+00:00 DEBUG 'ansible_navigator.main' After rollback: cmdline = 'Not set' (Constants/Not set)
2023-05-17T16:25:04.070998+00:00 DEBUG 'ansible_navigator.main' After rollback: collection_doc_cache_path = 'Not set' (Constants/Not set)
2023-05-17T16:25:04.071033+00:00 DEBUG 'ansible_navigator.main' After rollback: config = 'Not set' (Constants/Not set)
2023-05-17T16:25:04.071068+00:00 DEBUG 'ansible_navigator.main' After rollback: container_engine = 'Not set' (Constants/Not set)
2023-05-17T16:25:04.071102+00:00 DEBUG 'ansible_navigator.main' After rollback: container_options = 'Not set' (Constants/Not set)
2023-05-17T16:25:04.071136+00:00 DEBUG 'ansible_navigator.main' After rollback: display_color = 'Not set' (Constants/Not set)
2023-05-17T16:25:04.071171+00:00 DEBUG 'ansible_navigator.main' After rollback: editor_command = 'Not set' (Constants/Not set)
2023-05-17T16:25:04.071205+00:00 DEBUG 'ansible_navigator.main' After rollback: editor_console = 'Not set' (Constants/Not set)
2023-05-17T16:25:04.071240+00:00 DEBUG 'ansible_navigator.main' After rollback: exec_command = 'Not set' (Constants/Not set)
2023-05-17T16:25:04.071280+00:00 DEBUG 'ansible_navigator.main' After rollback: exec_shell = 'Not set' (Constants/Not set)
2023-05-17T16:25:04.071317+00:00 DEBUG 'ansible_navigator.main' After rollback: execution_environment = 'Not set' (Constants/Not set)
2023-05-17T16:25:04.071352+00:00 DEBUG 'ansible_navigator.main' After rollback: execution_environment_image = 'Not set' (Constants/Not set)
2023-05-17T16:25:04.071387+00:00 DEBUG 'ansible_navigator.main' After rollback: execution_environment_volume_mounts = 'Not set' (Constants/Not set)
2023-05-17T16:25:04.071422+00:00 DEBUG 'ansible_navigator.main' After rollback: help_builder = 'Not set' (Constants/Not set)
2023-05-17T16:25:04.071457+00:00 DEBUG 'ansible_navigator.main' After rollback: help_config = 'Not set' (Constants/Not set)
2023-05-17T16:25:04.071491+00:00 DEBUG 'ansible_navigator.main' After rollback: help_doc = 'Not set' (Constants/Not set)
2023-05-17T16:25:04.071526+00:00 DEBUG 'ansible_navigator.main' After rollback: help_inventory = 'Not set' (Constants/Not set)
2023-05-17T16:25:04.071561+00:00 DEBUG 'ansible_navigator.main' After rollback: help_playbook = 'Not set' (Constants/Not set)
2023-05-17T16:25:04.071595+00:00 DEBUG 'ansible_navigator.main' After rollback: images_details = 'Not set' (Constants/Not set)
2023-05-17T16:25:04.071630+00:00 DEBUG 'ansible_navigator.main' After rollback: inventory = 'Not set' (Constants/Not set)
2023-05-17T16:25:04.071665+00:00 DEBUG 'ansible_navigator.main' After rollback: inventory_column = 'Not set' (Constants/Not set)
2023-05-17T16:25:04.071712+00:00 DEBUG 'ansible_navigator.main' After rollback: lint_config = 'Not set' (Constants/Not set)
2023-05-17T16:25:04.071748+00:00 DEBUG 'ansible_navigator.main' After rollback: lintables = 'Not set' (Constants/Not set)
2023-05-17T16:25:04.071783+00:00 DEBUG 'ansible_navigator.main' After rollback: log_append = 'Not set' (Constants/Not set)
2023-05-17T16:25:04.071818+00:00 DEBUG 'ansible_navigator.main' After rollback: log_file = 'Not set' (Constants/Not set)
2023-05-17T16:25:04.071853+00:00 DEBUG 'ansible_navigator.main' After rollback: log_level = 'Not set' (Constants/Not set)
2023-05-17T16:25:04.071888+00:00 DEBUG 'ansible_navigator.main' After rollback: mode = 'Not set' (Constants/Not set)
2023-05-17T16:25:04.071923+00:00 DEBUG 'ansible_navigator.main' After rollback: osc4 = 'Not set' (Constants/Not set)
2023-05-17T16:25:04.071957+00:00 DEBUG 'ansible_navigator.main' After rollback: pass_environment_variable = 'Not set' (Constants/Not set)
2023-05-17T16:25:04.071992+00:00 DEBUG 'ansible_navigator.main' After rollback: playbook = 'Not set' (Constants/Not set)
2023-05-17T16:25:04.072027+00:00 DEBUG 'ansible_navigator.main' After rollback: playbook_artifact_enable = 'Not set' (Constants/Not set)
2023-05-17T16:25:04.072061+00:00 DEBUG 'ansible_navigator.main' After rollback: playbook_artifact_replay = 'Not set' (Constants/Not set)
2023-05-17T16:25:04.072096+00:00 DEBUG 'ansible_navigator.main' After rollback: playbook_artifact_save_as = 'Not set' (Constants/Not set)
2023-05-17T16:25:04.072130+00:00 DEBUG 'ansible_navigator.main' After rollback: plugin_name = 'Not set' (Constants/Not set)
2023-05-17T16:25:04.072164+00:00 DEBUG 'ansible_navigator.main' After rollback: plugin_type = 'Not set' (Constants/Not set)
2023-05-17T16:25:04.072199+00:00 DEBUG 'ansible_navigator.main' After rollback: pull_arguments = 'Not set' (Constants/Not set)
2023-05-17T16:25:04.072233+00:00 DEBUG 'ansible_navigator.main' After rollback: pull_policy = 'Not set' (Constants/Not set)
2023-05-17T16:25:04.072268+00:00 DEBUG 'ansible_navigator.main' After rollback: set_environment_variable = 'Not set' (Constants/Not set)
2023-05-17T16:25:04.072303+00:00 DEBUG 'ansible_navigator.main' After rollback: settings_effective = 'Not set' (Constants/Not set)
2023-05-17T16:25:04.072337+00:00 DEBUG 'ansible_navigator.main' After rollback: settings_sample = 'Not set' (Constants/Not set)
2023-05-17T16:25:04.072371+00:00 DEBUG 'ansible_navigator.main' After rollback: settings_schema = 'Not set' (Constants/Not set)
2023-05-17T16:25:04.072406+00:00 DEBUG 'ansible_navigator.main' After rollback: settings_sources = 'Not set' (Constants/Not set)
2023-05-17T16:25:04.072441+00:00 DEBUG 'ansible_navigator.main' After rollback: time_zone = 'Not set' (Constants/Not set)
2023-05-17T16:25:04.072475+00:00 DEBUG 'ansible_navigator.main' After rollback: workdir = 'Not set' (Constants/Not set)
2023-05-17T16:25:04.072526+00:00 DEBUG 'ansible_navigator.main' Configuration rollback complete.
2023-05-17T16:25:04.072560+00:00 DEBUG 'ansible_navigator.main' Collection doc cache not mounted
2023-05-17T16:25:04.072601+00:00 WARNING 'ansible_navigator.main' Issues were found while applying the settings.
2023-05-17T16:25:04.072639+00:00 INFO 'ansible_navigator.main' Command provided: ''
2023-05-17T16:25:04.072679+00:00 ERROR 'ansible_navigator.main' Execution environment support while using podman requires a '/dev/mqueue/' directory.
2023-05-17T16:25:04.072718+00:00 INFO 'ansible_navigator.main' Try creating it with 'mkdir /dev/mqueue/' or reference the documentation for your operating system related to POSIX message queues.
2023-05-17T16:25:04.072755+00:00 INFO 'ansible_navigator.main' Configuration failed, using default log file location. (/Users/joonpaik/git/wisdom-demo/ansible-navigator.log) Log level set to debug
2023-05-17T16:25:04.072793+00:00 INFO 'ansible_navigator.main' Review the hints and log file to see what went wrong.
